VirtualBox XPCOM Server 4.3.20_OSE r96996 linux.amd64 (Dec 14 2014 21:51:18) release log
00:00:00.000320 main     Log opened 2015-01-02T06:04:33.237339000Z
00:00:00.000324 main     Build Type: release
00:00:00.000330 main     OS Product: Linux
00:00:00.000331 main     OS Release: 3.17.6-1-ARCH
00:00:00.000332 main     OS Version: #1 SMP PREEMPT Sun Dec 7 23:43:32 UTC 2014
00:00:00.000362 main     DMI Product Name: Presario CQ62 Notebook PC
00:00:00.000370 main     DMI Product Version: 0498100000242810000020000
00:00:00.000505 main     Host RAM: 2757MB total, 1828MB available
00:00:00.000516 main     Executable: /usr/lib/virtualbox/VBoxSVC
00:00:00.000517 main     Process ID: 3722
00:00:00.000518 main     Package type: LINUX_64BITS_GENERIC (OSE)
00:00:00.110280 nspr-2   Loading settings file "/home/mrglass/.config/VirtualBox/VirtualBox.xml" with version "1.12-linux"
00:00:00.139926 nspr-2   NetIfAdpCtlOut: VBoxNetAdpCtl: Error while retrieving link speed for wlp2s0: VBoxNetAdpCtl: ioctl failed: Operation not supported
00:00:00.151932 nspr-2   HostDnsMonitorProxy: Host's DNS information updated:
00:00:00.151962 nspr-2   DNS server 1: 209.18.47.61
00:00:00.151967 nspr-2   DNS server 2: 209.18.47.62
00:00:00.169587 nspr-2   VDInit finished
00:00:00.178832 nspr-2   ERROR [COM]: aRC=NS_ERROR_FAILURE (0x80004005) aIID={1254a96a-ae57-4484-946a-22d86c1f98af} aComponent={SystemProperties} aText={Cannot determine default Guest Additions ISO location. Most likely they are not available}, preserve=false
00:00:00.355938 nspr-2   Loading settings file "/home/mrglass/VirtualBox VMs/kali/kali.vbox" with version "1.14-linux"
00:00:01.080912 nspr-4   WARNING [COM]: aRC=NS_ERROR_FAILURE (0x80004005) aIID={93269330-48ca-4096-b4a2-1189df336267} aComponent={Host} aText={VirtualBox is not currently allowed to access USB devices.  You can change this by adding your user to the 'vboxusers' group.  Please see the user manual for a more detailed explanation}, preserve=true 
00:00:01.324002 nspr-3   WARNING [COM]: aRC=NS_ERROR_FAILURE (0x80004005) aIID={93269330-48ca-4096-b4a2-1189df336267} aComponent={Host} aText={VirtualBox is not currently allowed to access USB devices.  You can change this by adding your user to the 'vboxusers' group.  Please see the user manual for a more detailed explanation}, preserve=true 
00:00:01.326457 nspr-5   WARNING [COM]: aRC=NS_ERROR_FAILURE (0x80004005) aIID={93269330-48ca-4096-b4a2-1189df336267} aComponent={Host} aText={VirtualBox is not currently allowed to access USB devices.  You can change this by adding your user to the 'vboxusers' group.  Please see the user manual for a more detailed explanation}, preserve=true 
00:00:04.888199 nspr-2   ERROR [COM]: aRC=VBOX_E_INVALID_VM_STATE (0x80bb0002) aIID={480cf695-2d8d-4256-9c7c-cce4184fa048} aComponent={Machine} aText={Machine is not locked for session (session state: Unlocked)}, preserve=false
00:00:05.079083 nspr-4   WARNING [COM]: aRC=NS_ERROR_FAILURE (0x80004005) aIID={93269330-48ca-4096-b4a2-1189df336267} aComponent={Host} aText={VirtualBox is not currently allowed to access USB devices.  You can change this by adding your user to the 'vboxusers' group.  Please see the user manual for a more detailed explanation}, preserve=true 
00:00:05.083216 nspr-4   WARNING [COM]: aRC=NS_ERROR_FAILURE (0x80004005) aIID={93269330-48ca-4096-b4a2-1189df336267} aComponent={Host} aText={VirtualBox is not currently allowed to access USB devices.  You can change this by adding your user to the 'vboxusers' group.  Please see the user manual for a more detailed explanation}, preserve=true 
00:00:05.266598 nspr-3   WARNING [COM]: aRC=NS_ERROR_FAILURE (0x80004005) aIID={93269330-48ca-4096-b4a2-1189df336267} aComponent={Host} aText={VirtualBox is not currently allowed to access USB devices.  You can change this by adding your user to the 'vboxusers' group.  Please see the user manual for a more detailed explanation}, preserve=true 
00:00:05.270866 nspr-2   WARNING [COM]: aRC=NS_ERROR_FAILURE (0x80004005) aIID={93269330-48ca-4096-b4a2-1189df336267} aComponent={Host} aText={VirtualBox is not currently allowed to access USB devices.  You can change this by adding your user to the 'vboxusers' group.  Please see the user manual for a more detailed explanation}, preserve=true 
00:00:05.285972 nspr-3   WARNING [COM]: aRC=NS_ERROR_FAILURE (0x80004005) aIID={93269330-48ca-4096-b4a2-1189df336267} aComponent={Host} aText={VirtualBox is not currently allowed to access USB devices.  You can change this by adding your user to the 'vboxusers' group.  Please see the user manual for a more detailed explanation}, preserve=true 
00:00:05.311825 nspr-2   WARNING [COM]: aRC=NS_ERROR_FAILURE (0x80004005) aIID={93269330-48ca-4096-b4a2-1189df336267} aComponent={Host} aText={VirtualBox is not currently allowed to access USB devices.  You can change this by adding your user to the 'vboxusers' group.  Please see the user manual for a more detailed explanation}, preserve=true 
00:00:05.317521 nspr-2   ERROR [COM]: aRC=VBOX_E_OBJECT_NOT_FOUND (0x80bb0001) aIID={3295e6ce-b051-47b2-9514-2c588bfe7554} aComponent={ExtPackManager} aText={No extension pack by the name 'Oracle VM VirtualBox Extension Pack' was found}, preserve=false
00:00:05.335314 nspr-5   ERROR [COM]: aRC=VBOX_E_IPRT_ERROR (0x80bb0005) aIID={480cf695-2d8d-4256-9c7c-cce4184fa048} aComponent={SessionMachine} aText={Saved screenshot data is not available (VERR_NOT_SUPPORTED)}, preserve=false
00:00:05.338548 nspr-4   WARNING [COM]: aRC=NS_ERROR_FAILURE (0x80004005) aIID={93269330-48ca-4096-b4a2-1189df336267} aComponent={Host} aText={VirtualBox is not currently allowed to access USB devices.  You can change this by adding your user to the 'vboxusers' group.  Please see the user manual for a more detailed explanation}, preserve=true 
00:00:05.381905 nspr-4   WARNING [COM]: aRC=NS_ERROR_FAILURE (0x80004005) aIID={93269330-48ca-4096-b4a2-1189df336267} aComponent={Host} aText={VirtualBox is not currently allowed to access USB devices.  You can change this by adding your user to the 'vboxusers' group.  Please see the user manual for a more detailed explanation}, preserve=true 
00:00:05.474486 nspr-5   NetIfAdpCtlOut: VBoxNetAdpCtl: Error while retrieving link speed for wlp2s0: VBoxNetAdpCtl: ioctl failed: Operation not supported
00:00:05.720130 nspr-3   WARNING [COM]: aRC=NS_ERROR_FAILURE (0x80004005) aIID={93269330-48ca-4096-b4a2-1189df336267} aComponent={Host} aText={VirtualBox is not currently allowed to access USB devices.  You can change this by adding your user to the 'vboxusers' group.  Please see the user manual for a more detailed explanation}, preserve=true 
00:00:05.735724 nspr-3   WARNING [COM]: aRC=NS_ERROR_FAILURE (0x80004005) aIID={93269330-48ca-4096-b4a2-1189df336267} aComponent={Host} aText={VirtualBox is not currently allowed to access USB devices.  You can change this by adding your user to the 'vboxusers' group.  Please see the user manual for a more detailed explanation}, preserve=true 
00:00:05.757416 nspr-4   WARNING [COM]: aRC=NS_ERROR_FAILURE (0x80004005) aIID={93269330-48ca-4096-b4a2-1189df336267} aComponent={Host} aText={VirtualBox is not currently allowed to access USB devices.  You can change this by adding your user to the 'vboxusers' group.  Please see the user manual for a more detailed explanation}, preserve=true 
00:00:06.606474 nspr-5   WARNING [COM]: aRC=NS_ERROR_FAILURE (0x80004005) aIID={93269330-48ca-4096-b4a2-1189df336267} aComponent={Host} aText={VirtualBox is not currently allowed to access USB devices.  You can change this by adding your user to the 'vboxusers' group.  Please see the user manual for a more detailed explanation}, preserve=true 
00:00:06.607779 nspr-2   WARNING [COM]: aRC=NS_ERROR_FAILURE (0x80004005) aIID={93269330-48ca-4096-b4a2-1189df336267} aComponent={Host} aText={VirtualBox is not currently allowed to access USB devices.  You can change this by adding your user to the 'vboxusers' group.  Please see the user manual for a more detailed explanation}, preserve=true 
00:03:59.387138 nspr-4   WARNING [COM]: aRC=NS_ERROR_FAILURE (0x80004005) aIID={93269330-48ca-4096-b4a2-1189df336267} aComponent={Host} aText={VirtualBox is not currently allowed to access USB devices.  You can change this by adding your user to the 'vboxusers' group.  Please see the user manual for a more detailed explanation}, preserve=true 
00:03:59.456272 nspr-2   NetIfAdpCtlOut: VBoxNetAdpCtl: Error while retrieving link speed for wlp2s0: VBoxNetAdpCtl: ioctl failed: Operation not supported
00:03:59.481782 nspr-3   NetIfAdpCtlOut: VBoxNetAdpCtl: Error while retrieving link speed for wlp2s0: VBoxNetAdpCtl: ioctl failed: Operation not supported
00:03:59.528577 nspr-4   WARNING [COM]: aRC=NS_ERROR_FAILURE (0x80004005) aIID={93269330-48ca-4096-b4a2-1189df336267} aComponent={Host} aText={VirtualBox is not currently allowed to access USB devices.  You can change this by adding your user to the 'vboxusers' group.  Please see the user manual for a more detailed explanation}, preserve=true 
00:04:06.235352 nspr-4   WARNING [COM]: aRC=NS_ERROR_FAILURE (0x80004005) aIID={93269330-48ca-4096-b4a2-1189df336267} aComponent={Host} aText={VirtualBox is not currently allowed to access USB devices.  You can change this by adding your user to the 'vboxusers' group.  Please see the user manual for a more detailed explanation}, preserve=true 
00:04:06.238316 nspr-5   WARNING [COM]: aRC=NS_ERROR_FAILURE (0x80004005) aIID={93269330-48ca-4096-b4a2-1189df336267} aComponent={Host} aText={VirtualBox is not currently allowed to access USB devices.  You can change this by adding your user to the 'vboxusers' group.  Please see the user manual for a more detailed explanation}, preserve=true 
00:05:56.076525 nspr-4   WARNING [COM]: aRC=NS_ERROR_FAILURE (0x80004005) aIID={93269330-48ca-4096-b4a2-1189df336267} aComponent={Host} aText={VirtualBox is not currently allowed to access USB devices.  You can change this by adding your user to the 'vboxusers' group.  Please see the user manual for a more detailed explanation}, preserve=true 
00:05:56.078062 nspr-3   WARNING [COM]: aRC=NS_ERROR_FAILURE (0x80004005) aIID={93269330-48ca-4096-b4a2-1189df336267} aComponent={Host} aText={VirtualBox is not currently allowed to access USB devices.  You can change this by adding your user to the 'vboxusers' group.  Please see the user manual for a more detailed explanation}, preserve=true 
00:05:57.836974 nspr-5   WARNING [COM]: aRC=NS_ERROR_FAILURE (0x80004005) aIID={93269330-48ca-4096-b4a2-1189df336267} aComponent={Host} aText={VirtualBox is not currently allowed to access USB devices.  You can change this by adding your user to the 'vboxusers' group.  Please see the user manual for a more detailed explanation}, preserve=true 
00:05:57.838485 nspr-5   WARNING [COM]: aRC=NS_ERROR_FAILURE (0x80004005) aIID={93269330-48ca-4096-b4a2-1189df336267} aComponent={Host} aText={VirtualBox is not currently allowed to access USB devices.  You can change this by adding your user to the 'vboxusers' group.  Please see the user manual for a more detailed explanation}, preserve=true 
00:05:58.002474 nspr-3   WARNING [COM]: aRC=NS_ERROR_FAILURE (0x80004005) aIID={93269330-48ca-4096-b4a2-1189df336267} aComponent={Host} aText={VirtualBox is not currently allowed to access USB devices.  You can change this by adding your user to the 'vboxusers' group.  Please see the user manual for a more detailed explanation}, preserve=true 
00:05:58.004544 nspr-2   WARNING [COM]: aRC=NS_ERROR_FAILURE (0x80004005) aIID={93269330-48ca-4096-b4a2-1189df336267} aComponent={Host} aText={VirtualBox is not currently allowed to access USB devices.  You can change this by adding your user to the 'vboxusers' group.  Please see the user manual for a more detailed explanation}, preserve=true 
00:05:58.241082 nspr-5   WARNING [COM]: aRC=NS_ERROR_FAILURE (0x80004005) aIID={93269330-48ca-4096-b4a2-1189df336267} aComponent={Host} aText={VirtualBox is not currently allowed to access USB devices.  You can change this by adding your user to the 'vboxusers' group.  Please see the user manual for a more detailed explanation}, preserve=true 
00:05:58.242791 nspr-3   WARNING [COM]: aRC=NS_ERROR_FAILURE (0x80004005) aIID={93269330-48ca-4096-b4a2-1189df336267} aComponent={Host} aText={VirtualBox is not currently allowed to access USB devices.  You can change this by adding your user to the 'vboxusers' group.  Please see the user manual for a more detailed explanation}, preserve=true 
00:06:14.367129 nspr-3   WARNING [COM]: aRC=NS_ERROR_FAILURE (0x80004005) aIID={93269330-48ca-4096-b4a2-1189df336267} aComponent={Host} aText={VirtualBox is not currently allowed to access USB devices.  You can change this by adding your user to the 'vboxusers' group.  Please see the user manual for a more detailed explanation}, preserve=true 
00:06:14.456101 nspr-5   NetIfAdpCtlOut: VBoxNetAdpCtl: Error while retrieving link speed for wlp2s0: VBoxNetAdpCtl: ioctl failed: Operation not supported
00:06:14.489978 nspr-3   NetIfAdpCtlOut: VBoxNetAdpCtl: Error while retrieving link speed for wlp2s0: VBoxNetAdpCtl: ioctl failed: Operation not supported
00:06:14.533496 nspr-2   WARNING [COM]: aRC=NS_ERROR_FAILURE (0x80004005) aIID={93269330-48ca-4096-b4a2-1189df336267} aComponent={Host} aText={VirtualBox is not currently allowed to access USB devices.  You can change this by adding your user to the 'vboxusers' group.  Please see the user manual for a more detailed explanation}, preserve=true 
00:06:14.863765 nspr-4   WARNING [COM]: aRC=NS_ERROR_FAILURE (0x80004005) aIID={93269330-48ca-4096-b4a2-1189df336267} aComponent={Host} aText={VirtualBox is not currently allowed to access USB devices.  You can change this by adding your user to the 'vboxusers' group.  Please see the user manual for a more detailed explanation}, preserve=true 
00:06:14.866069 nspr-5   WARNING [COM]: aRC=NS_ERROR_FAILURE (0x80004005) aIID={93269330-48ca-4096-b4a2-1189df336267} aComponent={Host} aText={VirtualBox is not currently allowed to access USB devices.  You can change this by adding your user to the 'vboxusers' group.  Please see the user manual for a more detailed explanation}, preserve=true 
00:06:36.919081 nspr-3   WARNING [COM]: aRC=NS_ERROR_FAILURE (0x80004005) aIID={93269330-48ca-4096-b4a2-1189df336267} aComponent={Host} aText={VirtualBox is not currently allowed to access USB devices.  You can change this by adding your user to the 'vboxusers' group.  Please see the user manual for a more detailed explanation}, preserve=true 
00:06:36.921245 nspr-5   WARNING [COM]: aRC=NS_ERROR_FAILURE (0x80004005) aIID={93269330-48ca-4096-b4a2-1189df336267} aComponent={Host} aText={VirtualBox is not currently allowed to access USB devices.  You can change this by adding your user to the 'vboxusers' group.  Please see the user manual for a more detailed explanation}, preserve=true 
00:07:36.580367 nspr-2   ERROR [COM]: aRC=VBOX_E_INVALID_VM_STATE (0x80bb0002) aIID={480cf695-2d8d-4256-9c7c-cce4184fa048} aComponent={Machine} aText={Machine is not locked for session (session state: Unlocked)}, preserve=false
00:07:36.673696 nspr-2   WARNING [COM]: aRC=NS_ERROR_FAILURE (0x80004005) aIID={93269330-48ca-4096-b4a2-1189df336267} aComponent={Host} aText={VirtualBox is not currently allowed to access USB devices.  You can change this by adding your user to the 'vboxusers' group.  Please see the user manual for a more detailed explanation}, preserve=true 
00:07:36.675419 nspr-4   WARNING [COM]: aRC=NS_ERROR_FAILURE (0x80004005) aIID={93269330-48ca-4096-b4a2-1189df336267} aComponent={Host} aText={VirtualBox is not currently allowed to access USB devices.  You can change this by adding your user to the 'vboxusers' group.  Please see the user manual for a more detailed explanation}, preserve=true 
00:07:37.221811 nspr-3   WARNING [COM]: aRC=NS_ERROR_FAILURE (0x80004005) aIID={93269330-48ca-4096-b4a2-1189df336267} aComponent={Host} aText={VirtualBox is not currently allowed to access USB devices.  You can change this by adding your user to the 'vboxusers' group.  Please see the user manual for a more detailed explanation}, preserve=true 
00:07:37.224952 nspr-4   WARNING [COM]: aRC=NS_ERROR_FAILURE (0x80004005) aIID={93269330-48ca-4096-b4a2-1189df336267} aComponent={Host} aText={VirtualBox is not currently allowed to access USB devices.  You can change this by adding your user to the 'vboxusers' group.  Please see the user manual for a more detailed explanation}, preserve=true 
00:07:37.244349 nspr-4   WARNING [COM]: aRC=NS_ERROR_FAILURE (0x80004005) aIID={93269330-48ca-4096-b4a2-1189df336267} aComponent={Host} aText={VirtualBox is not currently allowed to access USB devices.  You can change this by adding your user to the 'vboxusers' group.  Please see the user manual for a more detailed explanation}, preserve=true 
00:07:37.264750 nspr-3   WARNING [COM]: aRC=NS_ERROR_FAILURE (0x80004005) aIID={93269330-48ca-4096-b4a2-1189df336267} aComponent={Host} aText={VirtualBox is not currently allowed to access USB devices.  You can change this by adding your user to the 'vboxusers' group.  Please see the user manual for a more detailed explanation}, preserve=true 
00:07:37.267050 nspr-3   ERROR [COM]: aRC=VBOX_E_OBJECT_NOT_FOUND (0x80bb0001) aIID={3295e6ce-b051-47b2-9514-2c588bfe7554} aComponent={ExtPackManager} aText={No extension pack by the name 'Oracle VM VirtualBox Extension Pack' was found}, preserve=false
00:07:37.284015 nspr-4   ERROR [COM]: aRC=VBOX_E_IPRT_ERROR (0x80bb0005) aIID={480cf695-2d8d-4256-9c7c-cce4184fa048} aComponent={SessionMachine} aText={Saved screenshot data is not available (VERR_NOT_SUPPORTED)}, preserve=false
00:07:37.287087 nspr-2   WARNING [COM]: aRC=NS_ERROR_FAILURE (0x80004005) aIID={93269330-48ca-4096-b4a2-1189df336267} aComponent={Host} aText={VirtualBox is not currently allowed to access USB devices.  You can change this by adding your user to the 'vboxusers' group.  Please see the user manual for a more detailed explanation}, preserve=true 
00:07:37.318245 nspr-3   WARNING [COM]: aRC=NS_ERROR_FAILURE (0x80004005) aIID={93269330-48ca-4096-b4a2-1189df336267} aComponent={Host} aText={VirtualBox is not currently allowed to access USB devices.  You can change this by adding your user to the 'vboxusers' group.  Please see the user manual for a more detailed explanation}, preserve=true 
00:07:37.409404 nspr-4   NetIfAdpCtlOut: VBoxNetAdpCtl: Error while retrieving link speed for wlp2s0: VBoxNetAdpCtl: ioctl failed: Operation not supported
00:07:37.567948 nspr-3   WARNING [COM]: aRC=NS_ERROR_FAILURE (0x80004005) aIID={93269330-48ca-4096-b4a2-1189df336267} aComponent={Host} aText={VirtualBox is not currently allowed to access USB devices.  You can change this by adding your user to the 'vboxusers' group.  Please see the user manual for a more detailed explanation}, preserve=true 
00:07:37.570141 nspr-4   WARNING [COM]: aRC=NS_ERROR_FAILURE (0x80004005) aIID={93269330-48ca-4096-b4a2-1189df336267} aComponent={Host} aText={VirtualBox is not currently allowed to access USB devices.  You can change this by adding your user to the 'vboxusers' group.  Please see the user manual for a more detailed explanation}, preserve=true 
00:07:37.617123 nspr-5   WARNING [COM]: aRC=NS_ERROR_FAILURE (0x80004005) aIID={93269330-48ca-4096-b4a2-1189df336267} aComponent={Host} aText={VirtualBox is not currently allowed to access USB devices.  You can change this by adding your user to the 'vboxusers' group.  Please see the user manual for a more detailed explanation}, preserve=true 
00:07:38.217964 nspr-4   WARNING [COM]: aRC=NS_ERROR_FAILURE (0x80004005) aIID={93269330-48ca-4096-b4a2-1189df336267} aComponent={Host} aText={VirtualBox is not currently allowed to access USB devices.  You can change this by adding your user to the 'vboxusers' group.  Please see the user manual for a more detailed explanation}, preserve=true 
00:07:38.219868 nspr-3   WARNING [COM]: aRC=NS_ERROR_FAILURE (0x80004005) aIID={93269330-48ca-4096-b4a2-1189df336267} aComponent={Host} aText={VirtualBox is not currently allowed to access USB devices.  You can change this by adding your user to the 'vboxusers' group.  Please see the user manual for a more detailed explanation}, preserve=true 
00:10:39.673528 nspr-2   WARNING [COM]: aRC=NS_ERROR_FAILURE (0x80004005) aIID={93269330-48ca-4096-b4a2-1189df336267} aComponent={Host} aText={VirtualBox is not currently allowed to access USB devices.  You can change this by adding your user to the 'vboxusers' group.  Please see the user manual for a more detailed explanation}, preserve=true 
00:10:39.822691 nspr-3   NetIfAdpCtlOut: VBoxNetAdpCtl: Error while retrieving link speed for wlp2s0: VBoxNetAdpCtl: ioctl failed: Operation not supported
00:10:39.861511 nspr-5   NetIfAdpCtlOut: VBoxNetAdpCtl: Error while retrieving link speed for wlp2s0: VBoxNetAdpCtl: ioctl failed: Operation not supported
00:10:39.914957 nspr-2   WARNING [COM]: aRC=NS_ERROR_FAILURE (0x80004005) aIID={93269330-48ca-4096-b4a2-1189df336267} aComponent={Host} aText={VirtualBox is not currently allowed to access USB devices.  You can change this by adding your user to the 'vboxusers' group.  Please see the user manual for a more detailed explanation}, preserve=true 
00:10:48.186070 nspr-5   WARNING [COM]: aRC=NS_ERROR_FAILURE (0x80004005) aIID={93269330-48ca-4096-b4a2-1189df336267} aComponent={Host} aText={VirtualBox is not currently allowed to access USB devices.  You can change this by adding your user to the 'vboxusers' group.  Please see the user manual for a more detailed explanation}, preserve=true 
00:10:48.188388 nspr-2   WARNING [COM]: aRC=NS_ERROR_FAILURE (0x80004005) aIID={93269330-48ca-4096-b4a2-1189df336267} aComponent={Host} aText={VirtualBox is not currently allowed to access USB devices.  You can change this by adding your user to the 'vboxusers' group.  Please see the user manual for a more detailed explanation}, preserve=true 
00:11:48.201738 nspr-4   WARNING [COM]: aRC=NS_ERROR_FAILURE (0x80004005) aIID={93269330-48ca-4096-b4a2-1189df336267} aComponent={Host} aText={VirtualBox is not currently allowed to access USB devices.  You can change this by adding your user to the 'vboxusers' group.  Please see the user manual for a more detailed explanation}, preserve=true 
00:11:48.262785 nspr-5   NetIfAdpCtlOut: VBoxNetAdpCtl: Error while retrieving link speed for wlp2s0: VBoxNetAdpCtl: ioctl failed: Operation not supported
00:11:48.293525 nspr-2   NetIfAdpCtlOut: VBoxNetAdpCtl: Error while retrieving link speed for wlp2s0: VBoxNetAdpCtl: ioctl failed: Operation not supported
00:11:48.353037 nspr-3   WARNING [COM]: aRC=NS_ERROR_FAILURE (0x80004005) aIID={93269330-48ca-4096-b4a2-1189df336267} aComponent={Host} aText={VirtualBox is not currently allowed to access USB devices.  You can change this by adding your user to the 'vboxusers' group.  Please see the user manual for a more detailed explanation}, preserve=true 
00:11:50.873177 nspr-2   WARNING [COM]: aRC=NS_ERROR_FAILURE (0x80004005) aIID={93269330-48ca-4096-b4a2-1189df336267} aComponent={Host} aText={VirtualBox is not currently allowed to access USB devices.  You can change this by adding your user to the 'vboxusers' group.  Please see the user manual for a more detailed explanation}, preserve=true 
00:11:50.874722 nspr-5   WARNING [COM]: aRC=NS_ERROR_FAILURE (0x80004005) aIID={93269330-48ca-4096-b4a2-1189df336267} aComponent={Host} aText={VirtualBox is not currently allowed to access USB devices.  You can change this by adding your user to the 'vboxusers' group.  Please see the user manual for a more detailed explanation}, preserve=true 
00:12:10.098702 nspr-5   WARNING [COM]: aRC=NS_ERROR_FAILURE (0x80004005) aIID={93269330-48ca-4096-b4a2-1189df336267} aComponent={Host} aText={VirtualBox is not currently allowed to access USB devices.  You can change this by adding your user to the 'vboxusers' group.  Please see the user manual for a more detailed explanation}, preserve=true 
00:12:16.706920 nspr-2   WARNING [COM]: aRC=NS_ERROR_FAILURE (0x80004005) aIID={93269330-48ca-4096-b4a2-1189df336267} aComponent={Host} aText={VirtualBox is not currently allowed to access USB devices.  You can change this by adding your user to the 'vboxusers' group.  Please see the user manual for a more detailed explanation}, preserve=true 
00:12:16.709176 nspr-5   WARNING [COM]: aRC=NS_ERROR_FAILURE (0x80004005) aIID={93269330-48ca-4096-b4a2-1189df336267} aComponent={Host} aText={VirtualBox is not currently allowed to access USB devices.  You can change this by adding your user to the 'vboxusers' group.  Please see the user manual for a more detailed explanation}, preserve=true 
00:12:21.706062 nspr-5   WARNING [COM]: aRC=NS_ERROR_FAILURE (0x80004005) aIID={93269330-48ca-4096-b4a2-1189df336267} aComponent={Host} aText={VirtualBox is not currently allowed to access USB devices.  You can change this by adding your user to the 'vboxusers' group.  Please see the user manual for a more detailed explanation}, preserve=true 
00:12:21.708107 nspr-2   WARNING [COM]: aRC=NS_ERROR_FAILURE (0x80004005) aIID={93269330-48ca-4096-b4a2-1189df336267} aComponent={Host} aText={VirtualBox is not currently allowed to access USB devices.  You can change this by adding your user to the 'vboxusers' group.  Please see the user manual for a more detailed explanation}, preserve=true 
00:12:36.871506 nspr-2   WARNING [COM]: aRC=NS_ERROR_FAILURE (0x80004005) aIID={93269330-48ca-4096-b4a2-1189df336267} aComponent={Host} aText={VirtualBox is not currently allowed to access USB devices.  You can change this by adding your user to the 'vboxusers' group.  Please see the user manual for a more detailed explanation}, preserve=true 
00:12:36.872896 nspr-5   WARNING [COM]: aRC=NS_ERROR_FAILURE (0x80004005) aIID={93269330-48ca-4096-b4a2-1189df336267} aComponent={Host} aText={VirtualBox is not currently allowed to access USB devices.  You can change this by adding your user to the 'vboxusers' group.  Please see the user manual for a more detailed explanation}, preserve=true 
00:13:04.546673 nspr-2   WARNING [COM]: aRC=NS_ERROR_FAILURE (0x80004005) aIID={93269330-48ca-4096-b4a2-1189df336267} aComponent={Host} aText={VirtualBox is not currently allowed to access USB devices.  You can change this by adding your user to the 'vboxusers' group.  Please see the user manual for a more detailed explanation}, preserve=true 
00:13:04.592445 nspr-3   NetIfAdpCtlOut: VBoxNetAdpCtl: Error while retrieving link speed for wlp2s0: VBoxNetAdpCtl: ioctl failed: Operation not supported
00:13:04.626094 nspr-4   NetIfAdpCtlOut: VBoxNetAdpCtl: Error while retrieving link speed for wlp2s0: VBoxNetAdpCtl: ioctl failed: Operation not supported
00:13:04.709179 nspr-2   WARNING [COM]: aRC=NS_ERROR_FAILURE (0x80004005) aIID={93269330-48ca-4096-b4a2-1189df336267} aComponent={Host} aText={VirtualBox is not currently allowed to access USB devices.  You can change this by adding your user to the 'vboxusers' group.  Please see the user manual for a more detailed explanation}, preserve=true 
00:13:28.789997 nspr-4   WARNING [COM]: aRC=NS_ERROR_FAILURE (0x80004005) aIID={93269330-48ca-4096-b4a2-1189df336267} aComponent={Host} aText={VirtualBox is not currently allowed to access USB devices.  You can change this by adding your user to the 'vboxusers' group.  Please see the user manual for a more detailed explanation}, preserve=true 
00:13:28.791747 nspr-5   WARNING [COM]: aRC=NS_ERROR_FAILURE (0x80004005) aIID={93269330-48ca-4096-b4a2-1189df336267} aComponent={Host} aText={VirtualBox is not currently allowed to access USB devices.  You can change this by adding your user to the 'vboxusers' group.  Please see the user manual for a more detailed explanation}, preserve=true 
00:13:35.137324 nspr-2   WARNING [COM]: aRC=NS_ERROR_FAILURE (0x80004005) aIID={93269330-48ca-4096-b4a2-1189df336267} aComponent={Host} aText={VirtualBox is not currently allowed to access USB devices.  You can change this by adding your user to the 'vboxusers' group.  Please see the user manual for a more detailed explanation}, preserve=true 
00:13:35.139002 nspr-3   WARNING [COM]: aRC=NS_ERROR_FAILURE (0x80004005) aIID={93269330-48ca-4096-b4a2-1189df336267} aComponent={Host} aText={VirtualBox is not currently allowed to access USB devices.  You can change this by adding your user to the 'vboxusers' group.  Please see the user manual for a more detailed explanation}, preserve=true 
00:14:02.902041 nspr-3   WARNING [COM]: aRC=NS_ERROR_FAILURE (0x80004005) aIID={93269330-48ca-4096-b4a2-1189df336267} aComponent={Host} aText={VirtualBox is not currently allowed to access USB devices.  You can change this by adding your user to the 'vboxusers' group.  Please see the user manual for a more detailed explanation}, preserve=true 
00:14:02.903665 nspr-2   WARNING [COM]: aRC=NS_ERROR_FAILURE (0x80004005) aIID={93269330-48ca-4096-b4a2-1189df336267} aComponent={Host} aText={VirtualBox is not currently allowed to access USB devices.  You can change this by adding your user to the 'vboxusers' group.  Please see the user manual for a more detailed explanation}, preserve=true 
00:14:03.095027 nspr-3   WARNING [COM]: aRC=NS_ERROR_FAILURE (0x80004005) aIID={93269330-48ca-4096-b4a2-1189df336267} aComponent={Host} aText={VirtualBox is not currently allowed to access USB devices.  You can change this by adding your user to the 'vboxusers' group.  Please see the user manual for a more detailed explanation}, preserve=true 
00:14:03.097829 nspr-5   WARNING [COM]: aRC=NS_ERROR_FAILURE (0x80004005) aIID={93269330-48ca-4096-b4a2-1189df336267} aComponent={Host} aText={VirtualBox is not currently allowed to access USB devices.  You can change this by adding your user to the 'vboxusers' group.  Please see the user manual for a more detailed explanation}, preserve=true 
00:14:03.230098 nspr-2   WARNING [COM]: aRC=NS_ERROR_FAILURE (0x80004005) aIID={93269330-48ca-4096-b4a2-1189df336267} aComponent={Host} aText={VirtualBox is not currently allowed to access USB devices.  You can change this by adding your user to the 'vboxusers' group.  Please see the user manual for a more detailed explanation}, preserve=true 
00:14:03.231729 nspr-5   WARNING [COM]: aRC=NS_ERROR_FAILURE (0x80004005) aIID={93269330-48ca-4096-b4a2-1189df336267} aComponent={Host} aText={VirtualBox is not currently allowed to access USB devices.  You can change this by adding your user to the 'vboxusers' group.  Please see the user manual for a more detailed explanation}, preserve=true 
00:14:28.737115 main     ERROR [COM]: aRC=VBOX_E_OBJECT_IN_USE (0x80bb000c) aIID={05f2bbb6-a3a6-4fb9-9b49-6d0dda7142ac} aComponent={Medium} aText={Medium '/home/mrglass/VirtualBox VMs/kali/kali.vhd' cannot be closed because it is still attached to 1 virtual machines}, preserve=false
00:14:28.738937 Watcher  ERROR [COM]: aRC=E_ACCESSDENIED (0x80070005) aIID={fafa4e17-1ee2-4905-a10e-fe7c18bf5554} aComponent={VirtualBox} aText={The object is not ready}, preserve=false
